<?xml version="1.0" encoding="UTF-8"?>
<testng-results skipped="0" failed="0" ignored="0" total="2" passed="2">
  <reporter-output>
  </reporter-output>
  <suite name="Default suite" duration-ms="84" started-at="2022-07-15T15:17:34 IST" finished-at="2022-07-15T15:17:34 IST">
    <groups>
    </groups>
    <test name="Default test" duration-ms="84" started-at="2022-07-15T15:17:34 IST" finished-at="2022-07-15T15:17:34 IST">
      <class name="com.crm.sample.practice.sampleClass">
        <test-method status="PASS" signature="sample1()[pri:0, instance:com.crm.sample.practice.sampleClass@528931cf]" name="sample1" duration-ms="13" started-at="2022-07-15T15:17:34 IST" finished-at="2022-07-15T15:17:34 IST">
          <reporter-output>
          </reporter-output>
        </test-method> <!-- sample1 -->
        <test-method status="PASS" signature="sample2()[pri:0, instance:com.crm.sample.practice.sampleClass@528931cf]" name="sample2" duration-ms="3" started-at="2022-07-15T15:17:34 IST" finished-at="2022-07-15T15:17:34 IST">
          <reporter-output>
          </reporter-output>
        </test-method> <!-- sample2 -->
      </class> <!-- com.crm.sample.practice.sampleClass -->
    </test> <!-- Default test -->
  </suite> <!-- Default suite -->
</testng-results>
